    1  cd home/julien/Bureau/questes
    2  ls
    3  cd questesUnix
    4  ls
    5  cd clmystery-master
    6  ls
    7  cat instructions
    8  ls
    9  nano cheatssheet.md
   10  cat hint1
   11  ls
   12  cd mystery
   13  ls
   14  cat people
   15  ls
   16  cat crimescene
   17  ls
   18  cd..
   19  cd ..
   20  ls
   21  cat hint1
   22  cat hint2
   23  cd mystery
   24  grep "CLUE" crimescene
   25  ls
   26  grep "ANNABEL" people
   27  ls
   28  cd ..
   29  ls
   30  cat hint3
   31  cd mystery
   32  ls
   33  cd ..
   34  cat hint4
   35  cat hint5
   36  cat hint6
   37  grep "honda" vehicules
   38  cd mystery
   39  grep "honda" vehicules
   40  ls
   41  vd ..
   42  cd ..
   43  ls
   44  cat hint7
   45  cd mystery
   46  ls
   47  grep -A 5 "L337" vehicules
   48  ls
   49  cd memberships
   50  ls
   51  cat Terminal_City_Library
   52  grep "Annabel" Terminal_City_Library
   53  cd ..
   54  cat hint8
   55  cd mystery
   56  cd memberships
   57  ls
   58  cat Fitness_Galaxy AAA United_MileagePlus | grep -c "John Smith"
   59  ls
   60  cd..
   61  cd ..
   62  ls
   63  cat hint8
   64  grep -A 5 "L337" vehicules | grep -i -A 5 "honda"
   65  cd mystery/memberships
   66  ls
   67  cat AAA Delta_SkyMiles Terminal_City_Library Museum_of_Bash_History | grep "Erika Owens Heather Billings" | wc -l
   68  cat AAA Delta_SkyMiles Terminal_City_Library Museum_of_Bash_History | grep "Joe Germuska" | wc -l
   69  cat AAA Delta_SkyMiles Terminal_City_Library Museum_of_Bash_History | grep "Jeremy Bauers" | wc -l
   70  cat AAA Delta_SkyMiles Terminal_City_Library Museum_of_Bash_History | grep "Erika Owens Heather Billings" | wc -l
   71  cat AAA Delta_SkyMiles Terminal_City_Library Museum_of_Bash_History | grep "Jeremy Bauwers" | wc -l
   72  cat AAA Delta_SkyMiles Terminal_City_Library Museum_of_Bash_History | grep "Jeremy Bawers" | wc -l
   73  cat AAA Delta_SkyMiles Terminal_City_Library Museum_of_Bash_History | grep "Jeremy Bowers" | wc -l
   74  cat AAA Delta_SkyMiles Terminal_City_Library Museum_of_Bash_History | grep "Jacki Maher" | wc -l
   75  cd ..
   76  cd..
   77  cd ..
   78  ls
   79  cd mystery
   80  grep "Jeremy Bowers" people
   81  ls
   82  cd interviews
   83  ls
   84  grep "Jeremy Bowers"
   85  grep "Jeremy Bowers" /interviews
   86  cd ..
   87  grep "Jeremy Bowers" /interviews
   88  ls
   89  cd ..
   90  ls
   91  cat LICENSE.md
   92  cat cheatsheet.pdf
   93  62;c62;c
   94  ls
   95  cat hint5
   96  cat hint1;hint2;hint3
   97  cat hint1
   98  cat hint2
   99  cat hint3
  100  ls
  101  cd mystery
  102  ls
  103  cat crimescene
  104  ls
  105  cd ..
  106  ls
  107  cat hint1
  108  cd mystery
  109  head -n 20 people
  110  ls
  111  cd ..
  112  ls
  113  cd mystery
  114  grep "CLUE" crimescene
  115  ls
  116  grep "Annabel" *
  117  ls
  118  cd ..
  119  ls
  120  cat hint3
  121  cd mystery
  122  head -n 20 vehicles
  123  cd ..
  124  ls
  125  cat hint4
  126  ls
  127  cd mystery
  128  ls
  129  cat "Annabel" crimescene
  130  ls
  131  cd ..
  132  ls
  133  cat hint4
  134  cd mystery
  135  cat "Annabel" people
  136  cd ..
  137  ls
  138  cd mystery
  139  ls
  140  grep "Oluwasegun Annabel" people
  141  grep "Oluwasegun Annabel" vehicles
  142  cd ..
  143  ls
  144  cat hint5
  145  cat hint6
  146  ls
  147  cd mystery
  148  ls
  149  cd streets
  150  ls
  151  head -n 173 streets/Mattapan_Street | tail -n 1
  152  cd ..
  153  ls
  154  cat hint7
  155  grep -A 5 "L337" mystery/vehicles
  156  ls
  157  cat hint8
  158  echo Jeremy Bowers
  159  history > mon_historique.log
